C51 COMPILER V9.54   NIBP_LIB                                                              06/07/2018 11:45:12 PAGE 1   


C51 COMPILER V9.54, COMPILATION OF MODULE NIBP_LIB
OBJECT MODULE PLACED IN .\Objects\NIBP_Lib.obj
COMPILER INVOKED BY: C:\Keil_v5\C51\BIN\C51.EXE Src\NIBP_Lib.c OPTIMIZE(8,SPEED) BROWSE INCDIR(.\Include) DEBUG OBJECTEX
                    -TEND PRINT(.\Listings\NIBP_Lib.lst) OBJECT(.\Objects\NIBP_Lib.obj)

line level    source

   1          #include <SZC909.H>
   2          #include "SystemConstant.h"
   3          #include "NIBP_Lcd.h"
   4          #include "NIBP_APP.h"
   5          #include "NIBP_Timer.h"
   6          #include "NIBP_Key.h"
   7          #include "NIBP_ADC.h"
   8          #include "NIBP_PWM.h"
*** WARNING C318 IN LINE 8 OF Src\NIBP_Lib.c: can't open file 'NIBP_PWM.h'
   9          #include "NIBP_ISP.h"
*** WARNING C318 IN LINE 9 OF Src\NIBP_Lib.c: can't open file 'NIBP_ISP.h'
  10          #include "NIBP_Uart.h"
  11          #include "NIBP_JC.h"
*** WARNING C318 IN LINE 11 OF Src\NIBP_Lib.c: can't open file 'NIBP_JC.h'
  12          #include "NIBP_Lib.h"
  13          #include "NIBP_Setting.h"
  14          
  15          
  16          code uint8  ROM_UNIT_DATA _at_ 0xF943;      //单位设置状态存储位置      
  17          
  18          uint8 xdata Unit_Sel=UNIT_MMHG;           //单位设置
  19          uint8 xdata Unit_Sel_temp;                  //单位缓存
  20          
  21          
  22          /***********************************************************
  23          语音IIC 延时函数
  24          ***********************************************************/
  25          void Delay_10us(uint16 i)                       // 1->10us  16->150us 870->8ms  
  26          {
  27   1              unsigned int j;
  28   1              do
  29   1              {
  30   2                      j=15;
  31   2                      do{j--;}while(j);
  32   2                      i--;
  33   2              }while(i);
  34   1      }
  35          
  36          /***********************************************************
  37          延时函数
  38          ***********************************************************/
  39          void delay_ms(uint16 ms)
  40          {
  41   1          uint16 i, j;
  42   1      
  43   1          for(i=0;i<ms;i++) 
  44   1          {
  45   2              for (j=0;j<220;j++) 
  46   2              {
  47   3                  _nop_();    _nop_();
  48   3                  _nop_();    _nop_();
  49   3                  _nop_();    _nop_();
  50   3                  _nop_();    _nop_();
  51   3              }
C51 COMPILER V9.54   NIBP_LIB                                                              06/07/2018 11:45:12 PAGE 2   

  52   2          }
  53   1      }
  54          
  55          /*****************************************************
  56          读取单位设置数据
  57              从内部读取单位设置数值
  58          ******************************************************/
  59          void Read_Unit_Sel_Data(void)
  60          {
  61   1          if(ROM_UNIT_DATA<3)
  62   1          {
  63   2              Unit_Sel=ROM_UNIT_DATA;         //读取单位设置值
  64   2          }
  65   1          else 
  66   1          {
  67   2              Unit_Sel=UNIT_MMHG;         //默认为mmHg
  68   2          }
  69   1      }
  70          
  71          /*****************************************************
  72          单位处理
  73          ******************************************************/
  74          void Unit_CVT(void)
  75          {
  76   1              switch(Unit_Sel)
  77   1              {
  78   2                      case UNIT_MMHG:
  79   2              {
  80   3                              Unit_Sel_temp=UNIT_MMHG;             //单位直接显示mmHg
  81   3                  
  82   3                              break;
  83   3              }
  84   2                      case UNIT_KPA:
  85   2              {
  86   3                              Unit_Sel_temp=UNIT_KPA;             //单位直接显示Kpa
  87   3                  
  88   3                              break;
  89   3              }
  90   2                      case UNIT_MMHG_KPA:                                     //不处理,单位由Timer切换显示
  91   2              {
  92   3                  fUnit_mmHg2KPa=1;               //显示结果相关函数 切换单位时使能标志
  93   3                  Unit_Sel_temp=UNIT_MMHG;        //
  94   3                  Time_mmhg2kpa=TIME_MMHG2KPA;
  95   3                  
  96   3                              break;
  97   3              }
  98   2              }
  99   1      }
 100          
 101          /***************************************************************
 102          单位换算
 103          ***************************************************************/
 104          uint16 MMHG2KPA(uint16 c_data)
 105          {
 106   1              c_data=c_data*100/75;
 107   1              return c_data;
 108   1      }
 109          
 110          
 111          
 112          
 113          
C51 COMPILER V9.54   NIBP_LIB                                                              06/07/2018 11:45:12 PAGE 3   

 114          
 115          
 116          
 117          
 118          
 119          
 120          
 121          
 122          
 123          
 124          
 125          


MODULE INFORMATION:   STATIC OVERLAYABLE
   CODE SIZE        =    142    ----
   CONSTANT SIZE    =   ----    ----
   XDATA SIZE       =      2    ----
   PDATA SIZE       =   ----    ----
   DATA SIZE        =   ----    ----
   IDATA SIZE       =   ----    ----
   BIT SIZE         =   ----    ----
END OF MODULE INFORMATION.


C51 COMPILATION COMPLETE.  3 WARNING(S),  0 ERROR(S)
